Performing C SOURCE FILE Test CMAKE_HAVE_LIBC_PTHREAD failed with the following output:
Change Dir: /home/ezequiel/Desktop/Ezequiel/ITBA/EDA/Code/Level6/EdaCup/build/CMakeFiles/CMakeTmp

Run Build Command(s):/usr/bin/make cmTC_0a926/fast && /usr/bin/make -f CMakeFiles/cmTC_0a926.dir/build.make CMakeFiles/cmTC_0a926.dir/build
make[1]: Entering directory '/home/ezequiel/Desktop/Ezequiel/ITBA/EDA/Code/Level6/EdaCup/build/CMakeFiles/CMakeTmp'
Building C object CMakeFiles/cmTC_0a926.dir/src.c.o
/bin/x86_64-linux-gnu-gcc-9   -DCMAKE_HAVE_LIBC_PTHREAD   -o CMakeFiles/cmTC_0a926.dir/src.c.o   -c /home/ezequiel/Desktop/Ezequiel/ITBA/EDA/Code/Level6/EdaCup/build/CMakeFiles/CMakeTmp/src.c
Linking C executable cmTC_0a926
/usr/bin/cmake -E cmake_link_script CMakeFiles/cmTC_0a926.dir/link.txt --verbose=1
/bin/x86_64-linux-gnu-gcc-9  -DCMAKE_HAVE_LIBC_PTHREAD    CMakeFiles/cmTC_0a926.dir/src.c.o  -o cmTC_0a926 
/usr/bin/ld: CMakeFiles/cmTC_0a926.dir/src.c.o: in function `main':
src.c:(.text+0x46): undefined reference to `pthread_create'
/usr/bin/ld: src.c:(.text+0x52): undefined reference to `pthread_detach'
/usr/bin/ld: src.c:(.text+0x63): undefined reference to `pthread_join'
collect2: error: ld returned 1 exit status
make[1]: *** [CMakeFiles/cmTC_0a926.dir/build.make:87: cmTC_0a926] Error 1
make[1]: Leaving directory '/home/ezequiel/Desktop/Ezequiel/ITBA/EDA/Code/Level6/EdaCup/build/CMakeFiles/CMakeTmp'
make: *** [Makefile:121: cmTC_0a926/fast] Error 2


Source file was:
#include <pthread.h>

void* test_func(void* data)
{
  return data;
}

int main(void)
{
  pthread_t thread;
  pthread_create(&thread, NULL, test_func, NULL);
  pthread_detach(thread);
  pthread_join(thread, NULL);
  pthread_atfork(NULL, NULL, NULL);
  pthread_exit(NULL);

  return 0;
}

Determining if the function pthread_create exists in the pthreads failed with the following output:
Change Dir: /home/ezequiel/Desktop/Ezequiel/ITBA/EDA/Code/Level6/EdaCup/build/CMakeFiles/CMakeTmp

Run Build Command(s):/usr/bin/make cmTC_079a7/fast && /usr/bin/make -f CMakeFiles/cmTC_079a7.dir/build.make CMakeFiles/cmTC_079a7.dir/build
make[1]: Entering directory '/home/ezequiel/Desktop/Ezequiel/ITBA/EDA/Code/Level6/EdaCup/build/CMakeFiles/CMakeTmp'
Building C object CMakeFiles/cmTC_079a7.dir/CheckFunctionExists.c.o
/bin/x86_64-linux-gnu-gcc-9   -DCHECK_FUNCTION_EXISTS=pthread_create   -o CMakeFiles/cmTC_079a7.dir/CheckFunctionExists.c.o   -c /usr/share/cmake-3.16/Modules/CheckFunctionExists.c
Linking C executable cmTC_079a7
/usr/bin/cmake -E cmake_link_script CMakeFiles/cmTC_079a7.dir/link.txt --verbose=1
/bin/x86_64-linux-gnu-gcc-9  -DCHECK_FUNCTION_EXISTS=pthread_create    CMakeFiles/cmTC_079a7.dir/CheckFunctionExists.c.o  -o cmTC_079a7  -lpthreads 
/usr/bin/ld: cannot find -lpthreads
collect2: error: ld returned 1 exit status
make[1]: *** [CMakeFiles/cmTC_079a7.dir/build.make:87: cmTC_079a7] Error 1
make[1]: Leaving directory '/home/ezequiel/Desktop/Ezequiel/ITBA/EDA/Code/Level6/EdaCup/build/CMakeFiles/CMakeTmp'
make: *** [Makefile:121: cmTC_079a7/fast] Error 2



Performing C SOURCE FILE Test CMAKE_HAVE_LIBC_PTHREAD failed with the following output:
Change Dir: /home/ezequiel/Desktop/Ezequiel/ITBA/EDA/Code/Level6/EdaCup/build/CMakeFiles/CMakeTmp

Run Build Command(s):/usr/bin/make cmTC_6d043/fast && /usr/bin/make -f CMakeFiles/cmTC_6d043.dir/build.make CMakeFiles/cmTC_6d043.dir/build
make[1]: Entering directory '/home/ezequiel/Desktop/Ezequiel/ITBA/EDA/Code/Level6/EdaCup/build/CMakeFiles/CMakeTmp'
Building C object CMakeFiles/cmTC_6d043.dir/src.c.o
/bin/x86_64-linux-gnu-gcc-9   -DCMAKE_HAVE_LIBC_PTHREAD   -o CMakeFiles/cmTC_6d043.dir/src.c.o   -c /home/ezequiel/Desktop/Ezequiel/ITBA/EDA/Code/Level6/EdaCup/build/CMakeFiles/CMakeTmp/src.c
Linking C executable cmTC_6d043
/usr/bin/cmake -E cmake_link_script CMakeFiles/cmTC_6d043.dir/link.txt --verbose=1
/bin/x86_64-linux-gnu-gcc-9  -DCMAKE_HAVE_LIBC_PTHREAD    CMakeFiles/cmTC_6d043.dir/src.c.o  -o cmTC_6d043 
/usr/bin/ld: CMakeFiles/cmTC_6d043.dir/src.c.o: in function `main':
src.c:(.text+0x46): undefined reference to `pthread_create'
/usr/bin/ld: src.c:(.text+0x52): undefined reference to `pthread_detach'
/usr/bin/ld: src.c:(.text+0x63): undefined reference to `pthread_join'
collect2: error: ld returned 1 exit status
make[1]: *** [CMakeFiles/cmTC_6d043.dir/build.make:87: cmTC_6d043] Error 1
make[1]: Leaving directory '/home/ezequiel/Desktop/Ezequiel/ITBA/EDA/Code/Level6/EdaCup/build/CMakeFiles/CMakeTmp'
make: *** [Makefile:121: cmTC_6d043/fast] Error 2


Source file was:
#include <pthread.h>

void* test_func(void* data)
{
  return data;
}

int main(void)
{
  pthread_t thread;
  pthread_create(&thread, NULL, test_func, NULL);
  pthread_detach(thread);
  pthread_join(thread, NULL);
  pthread_atfork(NULL, NULL, NULL);
  pthread_exit(NULL);

  return 0;
}

Determining if the function pthread_create exists in the pthreads failed with the following output:
Change Dir: /home/ezequiel/Desktop/Ezequiel/ITBA/EDA/Code/Level6/EdaCup/build/CMakeFiles/CMakeTmp

Run Build Command(s):/usr/bin/make cmTC_ef7ee/fast && /usr/bin/make -f CMakeFiles/cmTC_ef7ee.dir/build.make CMakeFiles/cmTC_ef7ee.dir/build
make[1]: Entering directory '/home/ezequiel/Desktop/Ezequiel/ITBA/EDA/Code/Level6/EdaCup/build/CMakeFiles/CMakeTmp'
Building C object CMakeFiles/cmTC_ef7ee.dir/CheckFunctionExists.c.o
/bin/x86_64-linux-gnu-gcc-9   -DCHECK_FUNCTION_EXISTS=pthread_create   -o CMakeFiles/cmTC_ef7ee.dir/CheckFunctionExists.c.o   -c /usr/share/cmake-3.16/Modules/CheckFunctionExists.c
Linking C executable cmTC_ef7ee
/usr/bin/cmake -E cmake_link_script CMakeFiles/cmTC_ef7ee.dir/link.txt --verbose=1
/bin/x86_64-linux-gnu-gcc-9  -DCHECK_FUNCTION_EXISTS=pthread_create    CMakeFiles/cmTC_ef7ee.dir/CheckFunctionExists.c.o  -o cmTC_ef7ee  -lpthreads 
/usr/bin/ld: cannot find -lpthreads
collect2: error: ld returned 1 exit status
make[1]: *** [CMakeFiles/cmTC_ef7ee.dir/build.make:87: cmTC_ef7ee] Error 1
make[1]: Leaving directory '/home/ezequiel/Desktop/Ezequiel/ITBA/EDA/Code/Level6/EdaCup/build/CMakeFiles/CMakeTmp'
make: *** [Makefile:121: cmTC_ef7ee/fast] Error 2



